<?xml version="1.0" encoding="UTF-8"?>
<robot generator="Robot 4.1 (Python 3.9.6 on win32)" generated="20220113 01:10:42.923" rpa="false" schemaversion="2">
<suite id="s1" name="MF1" source="C:\Users\user\kuvera\Tests\MF1.robot">
<test id="s1-t1" name="User login in kuvera">
<kw name="Open browser with kuvera url" library="Landingpage">
<kw name="Create Webdriver" library="SeleniumLibrary">
<arg>Chrome</arg>
<arg>executable_path=C:/Users/user/Desktop/chrome/chromedriver</arg>
<doc>Creates an instance of Selenium WebDriver.</doc>
<msg timestamp="20220113 01:10:43.249" level="INFO">Creating an instance of the Chrome WebDriver.</msg>
<status status="PASS" starttime="20220113 01:10:43.249" endtime="20220113 01:10:44.954"/>
</kw>
<kw name="Go To" library="SeleniumLibrary">
<arg>https://staging3.kuvera.in/</arg>
<doc>Navigates the current browser window to the provided ``url``.</doc>
<msg timestamp="20220113 01:10:44.956" level="INFO">Opening url 'https://staging3.kuvera.in/'</msg>
<status status="PASS" starttime="20220113 01:10:44.955" endtime="20220113 01:10:47.200"/>
</kw>
<kw name="Click Button" library="SeleniumLibrary">
<arg>${close}</arg>
<doc>Clicks the button identified by ``locator``.</doc>
<msg timestamp="20220113 01:10:47.204" level="INFO">Clicking button 'xpath://button[normalize-space()='Close']'.</msg>
<status status="PASS" starttime="20220113 01:10:47.202" endtime="20220113 01:10:47.301"/>
</kw>
<kw name="Wait Until Element Is Visible" library="SeleniumLibrary">
<arg>${logins}</arg>
<arg>10s</arg>
<doc>Waits until the element ``locator`` is visible.</doc>
<status status="PASS" starttime="20220113 01:10:47.301" endtime="20220113 01:10:47.339"/>
</kw>
<kw name="Click Element" library="SeleniumLibrary">
<arg>${logins}</arg>
<doc>Click the element identified by ``locator``.</doc>
<msg timestamp="20220113 01:10:47.340" level="INFO">Clicking element 'xpath://a[normalize-space()='Log in']'.</msg>
<status status="PASS" starttime="20220113 01:10:47.339" endtime="20220113 01:10:47.390"/>
</kw>
<status status="PASS" starttime="20220113 01:10:43.248" endtime="20220113 01:10:47.390"/>
</kw>
<kw name="User login in kuvera" library="Loginpage">
<kw name="Wait Until Element Is Visible" library="SeleniumLibrary">
<arg>${email}</arg>
<doc>Waits until the element ``locator`` is visible.</doc>
<status status="PASS" starttime="20220113 01:10:47.392" endtime="20220113 01:10:47.680"/>
</kw>
<kw name="Input Text" library="SeleniumLibrary">
<arg>${email}</arg>
<arg>moolya@kuvera.in</arg>
<doc>Types the given ``text`` into the text field identified by ``locator``.</doc>
<msg timestamp="20220113 01:10:47.682" level="INFO">Typing text 'moolya@kuvera.in' into text field 'xpath://input[@id='email']'.</msg>
<status status="PASS" starttime="20220113 01:10:47.681" endtime="20220113 01:10:47.812"/>
</kw>
<kw name="Input Password" library="SeleniumLibrary">
<arg>${password}</arg>
<arg>kuveratesting123</arg>
<doc>Types the given password into the text field identified by ``locator``.</doc>
<msg timestamp="20220113 01:10:47.813" level="INFO">Typing password into text field 'xpath://input[@id='password']'.</msg>
<msg timestamp="20220113 01:10:47.874" level="INFO">Temporally setting log level to: NONE</msg>
<msg timestamp="20220113 01:10:47.970" level="INFO">Log level changed from NONE to INFO.</msg>
<status status="PASS" starttime="20220113 01:10:47.812" endtime="20220113 01:10:47.970"/>
</kw>
<kw name="Click Button" library="SeleniumLibrary">
<arg>${login}</arg>
<doc>Clicks the button identified by ``locator``.</doc>
<msg timestamp="20220113 01:10:47.972" level="INFO">Clicking button 'xpath://button[@id='login-btn']'.</msg>
<status status="PASS" starttime="20220113 01:10:47.971" endtime="20220113 01:10:48.069"/>
</kw>
<kw name="Wait Until Element Is Visible" library="SeleniumLibrary">
<arg>${mandate}</arg>
<arg>20s</arg>
<doc>Waits until the element ``locator`` is visible.</doc>
<status status="PASS" starttime="20220113 01:10:48.069" endtime="20220113 01:10:56.825"/>
</kw>
<kw name="Click Element" library="SeleniumLibrary">
<arg>${mandate}</arg>
<doc>Click the element identified by ``locator``.</doc>
<msg timestamp="20220113 01:10:56.825" level="INFO">Clicking element 'css:.b-mandate-file-upload__close.k-cursor--pointer'.</msg>
<status status="PASS" starttime="20220113 01:10:56.825" endtime="20220113 01:10:56.971"/>
</kw>
<status status="PASS" starttime="20220113 01:10:47.391" endtime="20220113 01:10:56.972"/>
</kw>
<status status="PASS" starttime="20220113 01:10:43.247" endtime="20220113 01:10:56.972"/>
</test>
<test id="s1-t2" name="User Navigates to Mutual Fund page in explore option">
<kw name="Sleep" library="BuiltIn">
<arg>10s</arg>
<doc>Pauses the test executed for the given time.</doc>
<msg timestamp="20220113 01:11:06.978" level="INFO">Slept 10 seconds</msg>
<status status="PASS" starttime="20220113 01:10:56.974" endtime="20220113 01:11:06.979"/>
</kw>
<kw name="User navigates to Mutual fund page" library="Home_page">
<kw name="Scroll Element Into View" library="SeleniumLibrary">
<arg>${Mutualfund}</arg>
<doc>Scrolls the element identified by ``locator`` into view.</doc>
<status status="PASS" starttime="20220113 01:11:06.981" endtime="20220113 01:11:07.351"/>
</kw>
<kw name="Click Element" library="SeleniumLibrary">
<arg>${Mutualfund}</arg>
<doc>Click the element identified by ``locator``.</doc>
<msg timestamp="20220113 01:11:07.351" level="INFO">Clicking element 'xpath://span[normalize-space()='MF']'.</msg>
<status status="PASS" starttime="20220113 01:11:07.351" endtime="20220113 01:11:07.462"/>
</kw>
<status status="PASS" starttime="20220113 01:11:06.980" endtime="20220113 01:11:07.462"/>
</kw>
<status status="PASS" starttime="20220113 01:10:56.973" endtime="20220113 01:11:07.463"/>
</test>
<test id="s1-t3" name="Verify Mutual fund tabs">
<kw name=" User verifys all mf tabs title" library="Mutual_fund">
<kw name="Create List" library="BuiltIn">
<var>@{expected}</var>
<arg>Watchlist</arg>
<arg>Insta reedem</arg>
<arg>Save taxes</arg>
<arg>Top rated</arg>
<arg>Investors choice</arg>
<arg>New funds</arg>
<arg>Top searched</arg>
<doc>Returns a list containing given items.</doc>
<msg timestamp="20220113 01:11:07.486" level="INFO">@{expected} = [ Watchlist | Insta reedem | Save taxes | Top rated | Investors choice | New funds | Top searched ]</msg>
<status status="PASS" starttime="20220113 01:11:07.485" endtime="20220113 01:11:07.486"/>
</kw>
<kw name="Get WebElements" library="SeleniumLibrary">
<var>${elements}</var>
<arg>${fund_tabs}</arg>
<doc>Returns a list of WebElement objects matching the ``locator``.</doc>
<msg timestamp="20220113 01:11:07.509" level="INFO">${elements} = []</msg>
<status status="PASS" starttime="20220113 01:11:07.487" endtime="20220113 01:11:07.509"/>
</kw>
<kw name="Create List" library="BuiltIn">
<var>@{actual}</var>
<doc>Returns a list containing given items.</doc>
<msg timestamp="20220113 01:11:07.511" level="INFO">@{actual} = [ ]</msg>
<status status="PASS" starttime="20220113 01:11:07.510" endtime="20220113 01:11:07.511"/>
</kw>
<for flavor="IN">
<var>${element}</var>
<value>@{elements}</value>
<status status="PASS" starttime="20220113 01:11:07.512" endtime="20220113 01:11:07.513"/>
</for>
<kw name="Lists Should Be Equal" library="Collections">
<arg>${expected}</arg>
<arg>${actual}</arg>
<doc>Fails if given lists are unequal.</doc>
<msg timestamp="20220113 01:11:07.519" level="FAIL">Lengths are different: 7 != 0</msg>
<status status="FAIL" starttime="20220113 01:11:07.515" endtime="20220113 01:11:07.519"/>
</kw>
<status status="FAIL" starttime="20220113 01:11:07.484" endtime="20220113 01:11:07.521"/>
</kw>
<status status="FAIL" starttime="20220113 01:11:07.464" endtime="20220113 01:11:07.522">Lengths are different: 7 != 0</status>
</test>
<test id="s1-t4" name="Verifying sort fund options">
<kw name="Sleep" library="BuiltIn">
<arg>3s</arg>
<doc>Pauses the test executed for the given time.</doc>
<msg timestamp="20220113 01:11:10.527" level="INFO">Slept 3 seconds</msg>
<status status="PASS" starttime="20220113 01:11:07.524" endtime="20220113 01:11:10.527"/>
</kw>
<kw name="User clicks on sortby" library="Mutual_fund">
<kw name="Wait Until Element Is Visible" library="SeleniumLibrary">
<arg>${Sortby}</arg>
<arg>5s</arg>
<doc>Waits until the element ``locator`` is visible.</doc>
<status status="PASS" starttime="20220113 01:11:10.527" endtime="20220113 01:11:10.591"/>
</kw>
<kw name="Click Element" library="SeleniumLibrary">
<arg>${Sortby}</arg>
<doc>Click the element identified by ``locator``.</doc>
<msg timestamp="20220113 01:11:10.592" level="INFO">Clicking element 'xpath://div[@class='default-message']'.</msg>
<status status="PASS" starttime="20220113 01:11:10.591" endtime="20220113 01:11:10.720"/>
</kw>
<status status="PASS" starttime="20220113 01:11:10.527" endtime="20220113 01:11:10.720"/>
</kw>
<kw name="verifying sort options" library="Mutual_fund">
<kw name="Wait Until Element Is Visible" library="SeleniumLibrary">
<arg>${name}</arg>
<arg>10s</arg>
<doc>Waits until the element ``locator`` is visible.</doc>
<kw name="Capture Page Screenshot" library="SeleniumLibrary">
<doc>Takes a screenshot of the current page and embeds it into a log file.</doc>
<msg timestamp="20220113 01:11:20.941" level="INFO" html="true">&lt;/td&gt;&lt;/tr&gt;&lt;tr&gt;&lt;td colspan="3"&gt;&lt;a href="selenium-screenshot-1.png"&gt;&lt;img src="selenium-screenshot-1.png" width="800px"&gt;&lt;/a&gt;</msg>
<status status="PASS" starttime="20220113 01:11:20.786" endtime="20220113 01:11:20.941"/>
</kw>
<msg timestamp="20220113 01:11:20.941" level="FAIL">Element 'xpath://div[contains(@class, 'label b-fund-sort__label') and text()='Name']' not visible after 10 seconds.</msg>
<status status="FAIL" starttime="20220113 01:11:10.721" endtime="20220113 01:11:20.941"/>
</kw>
<kw name="Click Element" library="SeleniumLibrary">
<arg>${name}</arg>
<doc>Click the element identified by ``locator``.</doc>
<status status="NOT RUN" starttime="20220113 01:11:20.941" endtime="20220113 01:11:20.941"/>
</kw>
<status status="FAIL" starttime="20220113 01:11:10.721" endtime="20220113 01:11:20.941"/>
</kw>
<status status="FAIL" starttime="20220113 01:11:07.523" endtime="20220113 01:11:20.957">Element 'xpath://div[contains(@class, 'label b-fund-sort__label') and text()='Name']' not visible after 10 seconds.</status>
</test>
<test id="s1-t5" name="Verifying Filter Options">
<status status="FAIL" starttime="20220113 01:11:20.957" endtime="20220113 01:11:20.957">Test case contains no keywords.</status>
</test>
<test id="s1-t6" name="Verifying fund details page">
<status status="FAIL" starttime="20220113 01:11:20.957" endtime="20220113 01:11:20.957">Test case contains no keywords.</status>
</test>
<test id="s1-t7" name="Testing the Mutual fund flow">
<status status="FAIL" starttime="20220113 01:11:20.957" endtime="20220113 01:11:20.957">Test case contains no keywords.</status>
</test>
<doc>Automating the kuvera web application</doc>
<status status="FAIL" starttime="20220113 01:10:42.939" endtime="20220113 01:11:20.957"/>
</suite>
<statistics>
<total>
<stat pass="2" fail="5" skip="0">All Tests</stat>
</total>
<tag>
</tag>
<suite>
<stat pass="2" fail="5" skip="0" id="s1" name="MF1">MF1</stat>
</suite>
</statistics>
<errors>
<msg timestamp="20220113 01:10:43.243" level="WARN">Imported resource file 'C:\Users\user\kuvera\Resource\Cart.robot' is empty.</msg>
</errors>
</robot>
